<?xml version="1.0" encoding="UTF-8"?>
<testsuite name="Realizar una busqueda de alojamiento sin atutenticarse en Booking.com" tests="2" skipped="0" failures="0" errors="0" timestamp="2022-08-19T04:52:06" hostname="LAPTOP-TMQ7CEEC" time="50.523">
  <properties/>
  <testcase name="Realizar reserva de alojamiento desde pagina de inicio sin niños" classname="Realizar una busqueda de alojamiento sin atutenticarse en Booking.com" time="33.37"/>
  <testcase name="Realizar reserva de alojamiento desde pagina de inicio sin niños" classname="Realizar una busqueda de alojamiento sin atutenticarse en Booking.com" time="17.151"/>
  <system-out><![CDATA[]]></system-out>
  <system-err><![CDATA[ago. 18, 2022 11:52:06 P. M. org.openqa.selenium.remote.DesiredCapabilities chrome
INFO: Using `new ChromeOptions()` is preferred to `DesiredCapabilities.chrome()`
Starting ChromeDriver 104.0.5112.29 (eff877e18f767c77fef0481a1cba402c8cbad404-refs/branch-heads/5112@{#422}) on port 18036
Only local connections are allowed.
Please see https://chromedriver.chromium.org/security-considerations for suggestions on keeping ChromeDriver safe.
ChromeDriver was started successfully.
ago. 18, 2022 11:52:08 P. M. org.openqa.selenium.remote.ProtocolHandshake createSession
INFO: Detected dialect: W3C
ago. 18, 2022 11:52:39 P. M. org.openqa.selenium.remote.DesiredCapabilities chrome
INFO: Using `new ChromeOptions()` is preferred to `DesiredCapabilities.chrome()`
Starting ChromeDriver 104.0.5112.29 (eff877e18f767c77fef0481a1cba402c8cbad404-refs/branch-heads/5112@{#422}) on port 38642
Only local connections are allowed.
Please see https://chromedriver.chromium.org/security-considerations for suggestions on keeping ChromeDriver safe.
ChromeDriver was started successfully.
ago. 18, 2022 11:52:40 P. M. org.openqa.selenium.remote.ProtocolHandshake createSession
INFO: Detected dialect: W3C
]]></system-err>
</testsuite>
